2025-02-07 15:44:34,698 INFO listeners.Listeners1 [main] Adding Products on Homepage test starting.
2025-02-07 15:44:39,999 INFO listeners.Listeners1 [main] testclasses.AddProductOnHomePage class is starting.
2025-02-07 15:44:40,024 INFO listeners.Listeners1 [main] addProductOnHomepage test method is starting.
2025-02-07 15:44:40,114 INFO pageclasses.HomePage [main] Cart icon shows no items in cart.
2025-02-07 15:44:40,115 INFO testclasses.AddProductOnHomePage [main] Initial items in Cart: 0
2025-02-07 15:44:40,526 INFO pageclasses.HomePage [main] moused over Breathe-Easy Tank
2025-02-07 15:44:40,685 INFO pageclasses.HomePage [main] Clicked M size button.
2025-02-07 15:44:40,815 INFO pageclasses.HomePage [main] Clicked Purple color button for Breathe-Easy Tank
2025-02-07 15:44:43,029 INFO pageclasses.HomePage [main] Clicked "Add to Cart" button.
2025-02-07 15:44:43,926 INFO testclasses.AddProductOnHomePage [main] Number of items added in current session: 1
2025-02-07 15:44:43,926 INFO testclasses.AddProductOnHomePage [main] The following items were added in current session
2025-02-07 15:44:43,929 INFO testclasses.AddProductOnHomePage [main] Breathe-Easy Tank M Purple Quantity:  1
2025-02-07 15:44:43,930 INFO testclasses.AddProductOnHomePage [main] The following items should be expected in the cart.
2025-02-07 15:44:43,930 INFO testclasses.AddProductOnHomePage [main] Breathe-Easy Tank M Purple Quantity:  1
2025-02-07 15:44:44,073 INFO pageclasses.HomePage [main] Clicked cart icon.
2025-02-07 15:44:44,271 INFO testclasses.AddProductOnHomePage [main] Total number of Items in actual cart: 1
2025-02-07 15:44:44,271 INFO testclasses.AddProductOnHomePage [main] The following items are in actual cart.
2025-02-07 15:44:44,272 INFO testclasses.AddProductOnHomePage [main] Breathe-Easy Tank M Purple Quantity:  1
2025-02-07 15:44:44,275 INFO listeners.Listeners1 [main] addProductOnHomepage test method passed.
2025-02-07 15:44:44,276 INFO listeners.Listeners1 [main] testclasses.AddProductOnHomePage class is finished.
2025-02-07 15:44:44,597 INFO listeners.Listeners1 [main] Adding Products on Homepage test finished.
