2025-01-14 21:45:34,184 INFO listeners.Listeners1 [main] Adding Products on Homepage test starting.
2025-01-14 21:45:45,755 INFO listeners.Listeners1 [main] testclasses.AddProductOnHomePage class is starting.
2025-01-14 21:45:45,785 INFO listeners.Listeners1 [main] addProductOnHomepage test method is starting.
2025-01-14 21:45:45,966 INFO pageclasses.HomePage [main] Cart icon shows no items in cart.
2025-01-14 21:45:45,968 INFO testclasses.AddProductOnHomePage [main] Initial items in Cart: 0
2025-01-14 21:45:46,625 INFO pageclasses.HomePage [main] moused over Breathe-Easy Tank
2025-01-14 21:45:46,937 INFO pageclasses.HomePage [main] Clicked M size button.
2025-01-14 21:45:47,080 INFO pageclasses.HomePage [main] Clicked Purple color button for Breathe-Easy Tank
2025-01-14 21:45:48,837 INFO pageclasses.HomePage [main] Clicked "Add to Cart" button.
2025-01-14 21:45:52,276 INFO testclasses.AddProductOnHomePage [main] Number of items added in current session: 1
2025-01-14 21:45:52,276 INFO testclasses.AddProductOnHomePage [main] The following items were added in current session
2025-01-14 21:45:52,280 INFO testclasses.AddProductOnHomePage [main] Breathe-Easy Tank M Purple Quantity:  1
2025-01-14 21:45:52,281 INFO testclasses.AddProductOnHomePage [main] The following items should be expected in the cart.
2025-01-14 21:45:52,282 INFO testclasses.AddProductOnHomePage [main] Breathe-Easy Tank M Purple Quantity:  1
2025-01-14 21:45:52,416 INFO pageclasses.HomePage [main] Clicked cart icon.
2025-01-14 21:45:52,583 INFO testclasses.AddProductOnHomePage [main] Total number of Items in actual cart: 1
2025-01-14 21:45:52,583 INFO testclasses.AddProductOnHomePage [main] The following items are in actual cart.
2025-01-14 21:45:52,584 INFO testclasses.AddProductOnHomePage [main] Breathe-Easy Tank M Purple Quantity:  1
2025-01-14 21:45:52,587 INFO listeners.Listeners1 [main] addProductOnHomepage test method passed.
2025-01-14 21:45:52,588 INFO listeners.Listeners1 [main] testclasses.AddProductOnHomePage class is finished.
2025-01-14 21:45:52,932 INFO listeners.Listeners1 [main] Adding Products on Homepage test finished.
