2025-01-15 19:40:59,792 INFO listeners.Listeners1 [main] Adding Products on Homepage test starting.
2025-01-15 19:41:08,052 INFO listeners.Listeners1 [main] testclasses.AddProductOnHomePage class is starting.
2025-01-15 19:41:08,076 INFO listeners.Listeners1 [main] addProductOnHomepage test method is starting.
2025-01-15 19:41:08,243 INFO pageclasses.HomePage [main] Cart icon shows no items in cart.
2025-01-15 19:41:08,243 INFO testclasses.AddProductOnHomePage [main] Initial items in Cart: 0
2025-01-15 19:41:08,692 INFO pageclasses.HomePage [main] moused over Breathe-Easy Tank
2025-01-15 19:41:08,902 INFO pageclasses.HomePage [main] Clicked M size button.
2025-01-15 19:41:09,140 INFO pageclasses.HomePage [main] Clicked Purple color button for Breathe-Easy Tank
2025-01-15 19:41:11,283 INFO pageclasses.HomePage [main] Clicked "Add to Cart" button.
2025-01-15 19:41:12,278 INFO testclasses.AddProductOnHomePage [main] Number of items added in current session: 1
2025-01-15 19:41:12,280 INFO testclasses.AddProductOnHomePage [main] The following items were added in current session
2025-01-15 19:41:12,288 INFO testclasses.AddProductOnHomePage [main] Breathe-Easy Tank M Purple Quantity:  1
2025-01-15 19:41:12,290 INFO testclasses.AddProductOnHomePage [main] The following items should be expected in the cart.
2025-01-15 19:41:12,291 INFO testclasses.AddProductOnHomePage [main] Breathe-Easy Tank M Purple Quantity:  1
2025-01-15 19:41:12,533 INFO pageclasses.HomePage [main] Clicked cart icon.
2025-01-15 19:41:12,738 INFO testclasses.AddProductOnHomePage [main] Total number of Items in actual cart: 1
2025-01-15 19:41:12,739 INFO testclasses.AddProductOnHomePage [main] The following items are in actual cart.
2025-01-15 19:41:12,739 INFO testclasses.AddProductOnHomePage [main] Breathe-Easy Tank M Purple Quantity:  1
2025-01-15 19:41:12,746 INFO listeners.Listeners1 [main] addProductOnHomepage test method passed.
2025-01-15 19:41:12,747 INFO listeners.Listeners1 [main] testclasses.AddProductOnHomePage class is finished.
2025-01-15 19:41:13,089 INFO listeners.Listeners1 [main] Adding Products on Homepage test finished.
