2025-02-11 17:52:22,250 INFO listeners.Listeners1 [main] Adding Products on Homepage test starting.
2025-02-11 17:52:26,743 INFO listeners.Listeners1 [main] testclasses.AddProductOnHomePage class is starting.
2025-02-11 17:52:26,763 INFO listeners.Listeners1 [main] addProductOnHomepage test method is starting.
2025-02-11 17:52:26,857 INFO pageclasses.HomePage [main] Cart icon shows no items in cart.
2025-02-11 17:52:26,857 INFO testclasses.AddProductOnHomePage [main] Initial items in Cart: 0
2025-02-11 17:52:27,277 INFO pageclasses.HomePage [main] moused over Breathe-Easy Tank
2025-02-11 17:52:27,591 INFO pageclasses.HomePage [main] Clicked M size button.
2025-02-11 17:52:32,787 INFO pageclasses.HomePage [main] Clicked Purple color button for Breathe-Easy Tank
2025-02-11 17:52:35,060 INFO pageclasses.HomePage [main] Clicked "Add to Cart" button.
2025-02-11 17:52:36,494 INFO testclasses.AddProductOnHomePage [main] Number of items added in current session: 1
2025-02-11 17:52:36,495 INFO testclasses.AddProductOnHomePage [main] The following items were added in current session
2025-02-11 17:52:36,498 INFO testclasses.AddProductOnHomePage [main] Breathe-Easy Tank M Purple Quantity:  1
2025-02-11 17:52:36,499 INFO testclasses.AddProductOnHomePage [main] The following items should be expected in the cart.
2025-02-11 17:52:36,499 INFO testclasses.AddProductOnHomePage [main] Breathe-Easy Tank M Purple Quantity:  1
2025-02-11 17:52:36,746 INFO pageclasses.HomePage [main] Clicked cart icon.
2025-02-11 17:52:36,975 INFO testclasses.AddProductOnHomePage [main] Total number of Items in actual cart: 1
2025-02-11 17:52:36,976 INFO testclasses.AddProductOnHomePage [main] The following items are in actual cart.
2025-02-11 17:52:36,976 INFO testclasses.AddProductOnHomePage [main] Breathe-Easy Tank M Purple Quantity:  1
2025-02-11 17:52:36,982 INFO listeners.Listeners1 [main] addProductOnHomepage test method passed.
2025-02-11 17:52:36,984 INFO listeners.Listeners1 [main] testclasses.AddProductOnHomePage class is finished.
2025-02-11 17:52:37,391 INFO listeners.Listeners1 [main] Adding Products on Homepage test finished.
