2025-02-06 18:57:37,346 INFO listeners.Listeners1 [main] Adding Products on Homepage test starting.
2025-02-06 18:57:41,887 INFO listeners.Listeners1 [main] testclasses.AddProductOnHomePage class is starting.
2025-02-06 18:57:41,909 INFO listeners.Listeners1 [main] addProductOnHomepage test method is starting.
2025-02-06 18:57:42,014 INFO pageclasses.HomePage [main] Cart icon shows no items in cart.
2025-02-06 18:57:42,015 INFO testclasses.AddProductOnHomePage [main] Initial items in Cart: 0
2025-02-06 18:57:42,599 INFO pageclasses.HomePage [main] moused over Breathe-Easy Tank
2025-02-06 18:57:42,797 INFO pageclasses.HomePage [main] Clicked M size button.
2025-02-06 18:57:43,000 INFO pageclasses.HomePage [main] Clicked Purple color button for Breathe-Easy Tank
2025-02-06 18:57:45,445 INFO pageclasses.HomePage [main] Clicked "Add to Cart" button.
2025-02-06 18:57:46,425 INFO testclasses.AddProductOnHomePage [main] Number of items added in current session: 1
2025-02-06 18:57:46,426 INFO testclasses.AddProductOnHomePage [main] The following items were added in current session
2025-02-06 18:57:46,429 INFO testclasses.AddProductOnHomePage [main] Breathe-Easy Tank M Purple Quantity:  1
2025-02-06 18:57:46,431 INFO testclasses.AddProductOnHomePage [main] The following items should be expected in the cart.
2025-02-06 18:57:46,432 INFO testclasses.AddProductOnHomePage [main] Breathe-Easy Tank M Purple Quantity:  1
2025-02-06 18:57:46,597 INFO pageclasses.HomePage [main] Clicked cart icon.
2025-02-06 18:57:46,766 INFO testclasses.AddProductOnHomePage [main] Total number of Items in actual cart: 1
2025-02-06 18:57:46,766 INFO testclasses.AddProductOnHomePage [main] The following items are in actual cart.
2025-02-06 18:57:46,767 INFO testclasses.AddProductOnHomePage [main] Breathe-Easy Tank M Purple Quantity:  1
2025-02-06 18:57:46,772 INFO listeners.Listeners1 [main] addProductOnHomepage test method passed.
2025-02-06 18:57:46,773 INFO listeners.Listeners1 [main] testclasses.AddProductOnHomePage class is finished.
2025-02-06 18:57:47,120 INFO listeners.Listeners1 [main] Adding Products on Homepage test finished.
2025-02-06 18:58:25,843 INFO listeners.Listeners1 [main] Adding Products on Homepage test starting.
2025-02-06 18:58:30,182 INFO listeners.Listeners1 [main] testclasses.AddProductOnHomePage class is starting.
2025-02-06 18:58:30,196 INFO listeners.Listeners1 [main] addProductOnHomepage test method is starting.
2025-02-06 18:58:30,292 INFO pageclasses.HomePage [main] Cart icon shows no items in cart.
2025-02-06 18:58:30,293 INFO testclasses.AddProductOnHomePage [main] Initial items in Cart: 0
2025-02-06 18:58:30,721 INFO pageclasses.HomePage [main] moused over Breathe-Easy Tank
2025-02-06 18:58:30,887 INFO pageclasses.HomePage [main] Clicked M size button.
2025-02-06 18:58:31,041 INFO pageclasses.HomePage [main] Clicked Purple color button for Breathe-Easy Tank
2025-02-06 18:58:32,768 INFO pageclasses.HomePage [main] Clicked "Add to Cart" button.
2025-02-06 18:58:33,668 INFO testclasses.AddProductOnHomePage [main] Number of items added in current session: 1
2025-02-06 18:58:33,669 INFO testclasses.AddProductOnHomePage [main] The following items were added in current session
2025-02-06 18:58:33,672 INFO testclasses.AddProductOnHomePage [main] Breathe-Easy Tank M Purple Quantity:  1
2025-02-06 18:58:33,672 INFO testclasses.AddProductOnHomePage [main] The following items should be expected in the cart.
2025-02-06 18:58:33,673 INFO testclasses.AddProductOnHomePage [main] Breathe-Easy Tank M Purple Quantity:  1
2025-02-06 18:58:33,839 INFO pageclasses.HomePage [main] Clicked cart icon.
2025-02-06 18:58:34,022 INFO testclasses.AddProductOnHomePage [main] Total number of Items in actual cart: 1
2025-02-06 18:58:34,022 INFO testclasses.AddProductOnHomePage [main] The following items are in actual cart.
2025-02-06 18:58:34,023 INFO testclasses.AddProductOnHomePage [main] Breathe-Easy Tank M Purple Quantity:  1
2025-02-06 18:58:34,028 INFO listeners.Listeners1 [main] addProductOnHomepage test method passed.
2025-02-06 18:58:34,030 INFO listeners.Listeners1 [main] testclasses.AddProductOnHomePage class is finished.
2025-02-06 18:58:34,325 INFO listeners.Listeners1 [main] Adding Products on Homepage test finished.
